0 silly argv { _: [ 'run' ],
0 silly argv   stream: true,
0 silly argv   lernaVersion: '3.20.2',
0 silly argv   '$0': '../../../.npm/_npx/31245/bin/lerna',
0 silly argv   script: 'start' }
1 notice cli v3.20.2
2 verbose rootPath /home/wilder/Documents/Projet_3/tlse-0919-js-mixturetexture
3 info Executing command in 2 packages: "npm run start"
4 silly npmRunScript.stream [ 'start', [], 'toulouse-0919-mixturetexture-back' ]
5 silly getExecOpts /home/wilder/Documents/Projet_3/tlse-0919-js-mixturetexture/back undefined
6 silly npmRunScript.stream [ 'start', [], 'toulouse-0919-mixturetexture-front' ]
7 silly getExecOpts /home/wilder/Documents/Projet_3/tlse-0919-js-mixturetexture/front undefined
8 error Error: Command failed: npm run start
8 error
8 error
8 error > toulouse-0919-mixturetexture-front@0.1.0 start /home/wilder/Documents/Projet_3/tlse-0919-js-mixturetexture/front
8 error > react-scripts start
8 error
8 error [34mℹ[39m [90m｢wds｣[39m: Project is running at http://192.168.1.33/
8 error [34mℹ[39m [90m｢wds｣[39m: webpack output is served from /
8 error [34mℹ[39m [90m｢wds｣[39m: Content not from webpack is served from /home/wilder/Documents/Projet_3/tlse-0919-js-mixturetexture/front/public
8 error [34mℹ[39m [90m｢wds｣[39m: 404s will fallback to /index.html
8 error Starting the development server...
8 error
8 error Failed to compile.
8 error
8 error ./src/component/FiltersComponent.jsx
8 error Syntax error: Adjacent JSX elements must be wrapped in an enclosing tag. Did you want a JSX fragment <>...</>? (16:7)
8 error
8 error   14 |     return (
8 error   15 |       <ListsTextures />
8 error > 16 |       <ListsAliments />
8 error      |       ^
8 error   17 |       <ListsEtapes />
8 error   18 |
8 error   19 |     );
8 error Compiling...
8 error Failed to compile.
8 error
8 error ./src/component/FiltersComponent.jsx
8 error Module not found: Can't resolve './component/ListsAliments' in '/home/wilder/Documents/Projet_3/tlse-0919-js-mixturetexture/front/src/component'
8 error Compiling...
8 error Compiled successfully!
8 error Compiling...
8 error Compiled successfully!
8 error Compiling...
8 error Compiled successfully!
8 error Compiling...
8 error Compiled successfully!
8 error Compiling...
8 error Compiled successfully!
8 error Compiling...
8 error Compiled successfully!
8 error Compiling...
8 error Compiled successfully!
8 error
8 error     at makeError (/home/wilder/.npm/_npx/31245/lib/node_modules/lerna/node_modules/execa/index.js:174:9)
8 error     at Promise.all.then.arr (/home/wilder/.npm/_npx/31245/lib/node_modules/lerna/node_modules/execa/index.js:278:16)
0 silly argv {
0 silly argv   _: [ 'run' ],
0 silly argv   stream: true,
0 silly argv   lernaVersion: '3.19.0',
0 silly argv   '$0': 'node_modules/.bin/lerna',
0 silly argv   script: 'start'
0 silly argv }
1 notice cli v3.19.0
2 verbose rootPath /home/morgane/Documents/Mixture_Texture/tlse-0919-js-mixturetexture
3 error JSONError: Unexpected string in JSON at position 269 while parsing '{  "name": "toulouse-0919-mixturetextur' in front/package.json
3 error     at module.exports (/home/morgane/Documents/Mixture_Texture/tlse-0919-js-mixturetexture/node_modules/parse-json/index.js:26:19)
3 error     at parse (/home/morgane/Documents/Mixture_Texture/tlse-0919-js-mixturetexture/node_modules/load-json-file/index.js:15:9)
